<?xml version="1.0" encoding="UTF-8"?>
<testng-results ignored="0" total="2" passed="2" failed="0" skipped="0">
  <reporter-output>
  </reporter-output>
  <suite started-at="2024-10-25T19:06:33 IST" name="Master Suite" finished-at="2024-10-25T19:07:20 IST" duration-ms="47209">
    <groups>
      <group name="Master">
        <method signature="TC001_ProductSearch.verify_ProductSearch()[pri:0, instance:testCases.TC001_ProductSearch@6ce86ce1]" name="verify_ProductSearch" class="testCases.TC001_ProductSearch"/>
        <method signature="TC002_AddToCart.verify_AddToCart()[pri:0, instance:testCases.TC002_AddToCart@64bce832]" name="verify_AddToCart" class="testCases.TC002_AddToCart"/>
      </group> <!-- Master -->
      <group name="Sanity">
        <method signature="TC001_ProductSearch.verify_ProductSearch()[pri:0, instance:testCases.TC001_ProductSearch@6ce86ce1]" name="verify_ProductSearch" class="testCases.TC001_ProductSearch"/>
        <method signature="TC002_AddToCart.verify_AddToCart()[pri:0, instance:testCases.TC002_AddToCart@64bce832]" name="verify_AddToCart" class="testCases.TC002_AddToCart"/>
      </group> <!-- Sanity -->
    </groups>
    <test started-at="2024-10-25T19:06:33 IST" name="Test" finished-at="2024-10-25T19:07:20 IST" duration-ms="47209">
      <class name="testCases.TC002_AddToCart">
        <test-method is-config="true" signature="setup(java.lang.String,java.lang.String)[pri:0, instance:testCases.TC002_AddToCart@64bce832]" started-at="2024-10-25T19:07:02 IST" name="setup" finished-at="2024-10-25T19:07:15 IST" duration-ms="12345" status="PASS">
          <params>
            <param index="0">
              <value>
                <![CDATA[Windows]]>
              </value>
            </param>
            <param index="1">
              <value>
                <![CDATA[chrome]]>
              </value>
            </param>
          </params>
          <reporter-output>
          </reporter-output>
        </test-method> <!-- setup -->
        <test-method signature="verify_AddToCart()[pri:0, instance:testCases.TC002_AddToCart@64bce832]" started-at="2024-10-25T19:07:15 IST" name="verify_AddToCart" finished-at="2024-10-25T19:07:18 IST" duration-ms="3306" status="PASS">
          <reporter-output>
          </reporter-output>
        </test-method> <!-- verify_AddToCart -->
        <test-method is-config="true" signature="tearDown()[pri:0, instance:testCases.TC002_AddToCart@64bce832]" started-at="2024-10-25T19:07:18 IST" name="tearDown" finished-at="2024-10-25T19:07:20 IST" duration-ms="1838" status="PASS">
          <reporter-output>
          </reporter-output>
        </test-method> <!-- tearDown -->
      </class> <!-- testCases.TC002_AddToCart -->
      <class name="testCases.TC001_ProductSearch">
        <test-method is-config="true" signature="setup(java.lang.String,java.lang.String)[pri:0, instance:testCases.TC001_ProductSearch@6ce86ce1]" started-at="2024-10-25T19:06:34 IST" name="setup" finished-at="2024-10-25T19:06:59 IST" duration-ms="24546" status="PASS">
          <params>
            <param index="0">
              <value>
                <![CDATA[Windows]]>
              </value>
            </param>
            <param index="1">
              <value>
                <![CDATA[chrome]]>
              </value>
            </param>
          </params>
          <reporter-output>
          </reporter-output>
        </test-method> <!-- setup -->
        <test-method signature="verify_ProductSearch()[pri:0, instance:testCases.TC001_ProductSearch@6ce86ce1]" started-at="2024-10-25T19:06:59 IST" name="verify_ProductSearch" finished-at="2024-10-25T19:07:01 IST" duration-ms="2508" status="PASS">
          <reporter-output>
          </reporter-output>
        </test-method> <!-- verify_ProductSearch -->
        <test-method is-config="true" signature="tearDown()[pri:0, instance:testCases.TC001_ProductSearch@6ce86ce1]" started-at="2024-10-25T19:07:02 IST" name="tearDown" finished-at="2024-10-25T19:07:02 IST" duration-ms="867" status="PASS">
          <reporter-output>
          </reporter-output>
        </test-method> <!-- tearDown -->
      </class> <!-- testCases.TC001_ProductSearch -->
    </test> <!-- Test -->
  </suite> <!-- Master Suite -->
</testng-results>
