<?xml version="1.0" encoding="UTF-8"?>
<testsuite xmlns:xsi="http://www.w3.org/2001/XMLSchema-instance" xsi:noNamespaceSchemaLocation="https://maven.apache.org/surefire/maven-surefire-plugin/xsd/surefire-test-report.xsd" version="3.0.2" name="TestSuite" time="30.958" tests="1" errors="0" skipped="0" failures="0">
  <properties>
[...]
</properties>
  <testcase name="verify_PracticeForm" classname="testCases.TC003_ProtractorApplicationTest" time="7.036">
    <system-out><![CDATA[2024-10-26T10:11:38.918487400Z main ERROR Unrecognized format specifier [t]
2024-10-26T10:11:38.926488600Z main ERROR Unrecognized conversion specifier [t] starting at position 45 in conversion pattern.
2024-10-26T10:11:38.926488600Z main ERROR Unrecognized format specifier [level]
2024-10-26T10:11:38.927491600Z main ERROR Unrecognized conversion specifier [level] starting at position 55 in conversion pattern.
2024-10-26T10:11:38.927491600Z main ERROR Unrecognized format specifier [logger]
2024-10-26T10:11:38.927491600Z main ERROR Unrecognized conversion specifier [logger] starting at position 67 in conversion pattern.
2024-10-26T10:11:38.927491600Z main ERROR Unrecognized format specifier [msg]
2024-10-26T10:11:38.928492Z main ERROR Unrecognized conversion specifier [msg] starting at position 74 in conversion pattern.
2024-10-26T10:11:38.928492Z main ERROR Unrecognized format specifier [n]
2024-10-26T10:11:38.928492Z main ERROR Unrecognized conversion specifier [n] starting at position 76 in conversion pattern.
2024-10-26T10:11:38.955494Z main INFO Starting configuration XmlConfiguration[location=D:\eclipse-workspace\MyProject\target\test-classes\log4j2.xml, lastModified=2024-10-14T09:30:28.074Z]...
2024-10-26T10:11:38.955494Z main INFO Start watching for changes to D:\eclipse-workspace\MyProject\target\test-classes\log4j2.xml every 0 seconds
2024-10-26T10:11:38.956487500Z main INFO Configuration XmlConfiguration[location=D:\eclipse-workspace\MyProject\target\test-classes\log4j2.xml, lastModified=2024-10-14T09:30:28.074Z] started.
2024-10-26T10:11:38.970488600Z main INFO Stopping configuration org.apache.logging.log4j.core.config.DefaultConfiguration@6ca8564a...
2024-10-26T10:11:38.971489800Z main INFO Configuration org.apache.logging.log4j.core.config.DefaultConfiguration@6ca8564a stopped.
Application filled successfully
]]></system-out>
    <system-err><![CDATA[Oct 26, 2024 3:41:53 PM org.openqa.selenium.devtools.CdpVersionFinder findNearestMatch
WARNING: Unable to find an exact match for CDP version 130, returning the closest version; found: 129; Please update to a Selenium version that supports CDP version 130
]]></system-err>
  </testcase>
</testsuite>