<?xml version="1.0" encoding="UTF-8"?>
<testng-results ignored="0" total="1" passed="1" failed="0" skipped="0">
  <reporter-output>
  </reporter-output>
  <suite started-at="2024-10-26T15:41:39 IST" name="Master Suite" finished-at="2024-10-26T15:42:05 IST" duration-ms="25796">
    <groups>
      <group name="Master">
        <method signature="TC003_ProtractorApplicationTest.verify_PracticeForm()[pri:0, instance:testCases.TC003_ProtractorApplicationTest@6581dc0a]" name="verify_PracticeForm" class="testCases.TC003_ProtractorApplicationTest"/>
      </group> <!-- Master -->
      <group name="Sanity">
        <method signature="TC003_ProtractorApplicationTest.verify_PracticeForm()[pri:0, instance:testCases.TC003_ProtractorApplicationTest@6581dc0a]" name="verify_PracticeForm" class="testCases.TC003_ProtractorApplicationTest"/>
      </group> <!-- Sanity -->
    </groups>
    <test started-at="2024-10-26T15:41:39 IST" name="Test" finished-at="2024-10-26T15:42:05 IST" duration-ms="25796">
      <class name="testCases.TC003_ProtractorApplicationTest">
        <test-method is-config="true" signature="setup(java.lang.String,java.lang.String)[pri:0, instance:testCases.TC003_ProtractorApplicationTest@6581dc0a]" started-at="2024-10-26T15:41:39 IST" name="setup" finished-at="2024-10-26T15:41:56 IST" duration-ms="17009" status="PASS">
          <params>
            <param index="0">
              <value>
                <![CDATA[Windows]]>
              </value>
            </param>
            <param index="1">
              <value>
                <![CDATA[chrome]]>
              </value>
            </param>
          </params>
          <reporter-output>
          </reporter-output>
        </test-method> <!-- setup -->
        <test-method signature="verify_PracticeForm()[pri:0, instance:testCases.TC003_ProtractorApplicationTest@6581dc0a]" started-at="2024-10-26T15:41:57 IST" name="verify_PracticeForm" finished-at="2024-10-26T15:42:04 IST" duration-ms="7003" status="PASS">
          <reporter-output>
          </reporter-output>
        </test-method> <!-- verify_PracticeForm -->
        <test-method is-config="true" signature="tearDown()[pri:0, instance:testCases.TC003_ProtractorApplicationTest@6581dc0a]" started-at="2024-10-26T15:42:04 IST" name="tearDown" finished-at="2024-10-26T15:42:05 IST" duration-ms="1238" status="PASS">
          <reporter-output>
          </reporter-output>
        </test-method> <!-- tearDown -->
      </class> <!-- testCases.TC003_ProtractorApplicationTest -->
    </test> <!-- Test -->
  </suite> <!-- Master Suite -->
</testng-results>
