<?xml version="1.0" encoding="UTF-8"?>
<testng-results ignored="0" total="2" passed="2" failed="0" skipped="0">
  <reporter-output>
  </reporter-output>
  <suite started-at="2024-10-25T19:04:10 IST" name="Master Suite" finished-at="2024-10-25T19:04:33 IST" duration-ms="22712">
    <groups>
      <group name="Master">
        <method signature="TC001_ProductSearch.verify_ProductSearch()[pri:0, instance:testCases.TC001_ProductSearch@4721d212]" name="verify_ProductSearch" class="testCases.TC001_ProductSearch"/>
        <method signature="TC002_AddToCart.verify_AddToCart()[pri:0, instance:testCases.TC002_AddToCart@5827af16]" name="verify_AddToCart" class="testCases.TC002_AddToCart"/>
      </group> <!-- Master -->
      <group name="Sanity">
        <method signature="TC001_ProductSearch.verify_ProductSearch()[pri:0, instance:testCases.TC001_ProductSearch@4721d212]" name="verify_ProductSearch" class="testCases.TC001_ProductSearch"/>
        <method signature="TC002_AddToCart.verify_AddToCart()[pri:0, instance:testCases.TC002_AddToCart@5827af16]" name="verify_AddToCart" class="testCases.TC002_AddToCart"/>
      </group> <!-- Sanity -->
    </groups>
    <test started-at="2024-10-25T19:04:10 IST" name="Test" finished-at="2024-10-25T19:04:33 IST" duration-ms="22712">
      <class name="testCases.TC002_AddToCart">
        <test-method is-config="true" signature="setup(java.lang.String,java.lang.String)[pri:0, instance:testCases.TC002_AddToCart@5827af16]" started-at="2024-10-25T19:04:21 IST" name="setup" finished-at="2024-10-25T19:04:30 IST" duration-ms="8488" status="PASS">
          <params>
            <param index="0">
              <value>
                <![CDATA[Windows]]>
              </value>
            </param>
            <param index="1">
              <value>
                <![CDATA[chrome]]>
              </value>
            </param>
          </params>
          <reporter-output>
          </reporter-output>
        </test-method> <!-- setup -->
        <test-method signature="verify_AddToCart()[pri:0, instance:testCases.TC002_AddToCart@5827af16]" started-at="2024-10-25T19:04:30 IST" name="verify_AddToCart" finished-at="2024-10-25T19:04:32 IST" duration-ms="2160" status="PASS">
          <reporter-output>
          </reporter-output>
        </test-method> <!-- verify_AddToCart -->
        <test-method is-config="true" signature="tearDown()[pri:0, instance:testCases.TC002_AddToCart@5827af16]" started-at="2024-10-25T19:04:32 IST" name="tearDown" finished-at="2024-10-25T19:04:33 IST" duration-ms="744" status="PASS">
          <reporter-output>
          </reporter-output>
        </test-method> <!-- tearDown -->
      </class> <!-- testCases.TC002_AddToCart -->
      <class name="testCases.TC001_ProductSearch">
        <test-method is-config="true" signature="setup(java.lang.String,java.lang.String)[pri:0, instance:testCases.TC001_ProductSearch@4721d212]" started-at="2024-10-25T19:04:10 IST" name="setup" finished-at="2024-10-25T19:04:20 IST" duration-ms="9802" status="PASS">
          <params>
            <param index="0">
              <value>
                <![CDATA[Windows]]>
              </value>
            </param>
            <param index="1">
              <value>
                <![CDATA[chrome]]>
              </value>
            </param>
          </params>
          <reporter-output>
          </reporter-output>
        </test-method> <!-- setup -->
        <test-method signature="verify_ProductSearch()[pri:0, instance:testCases.TC001_ProductSearch@4721d212]" started-at="2024-10-25T19:04:20 IST" name="verify_ProductSearch" finished-at="2024-10-25T19:04:21 IST" duration-ms="499" status="PASS">
          <reporter-output>
          </reporter-output>
        </test-method> <!-- verify_ProductSearch -->
        <test-method is-config="true" signature="tearDown()[pri:0, instance:testCases.TC001_ProductSearch@4721d212]" started-at="2024-10-25T19:04:21 IST" name="tearDown" finished-at="2024-10-25T19:04:21 IST" duration-ms="574" status="PASS">
          <reporter-output>
          </reporter-output>
        </test-method> <!-- tearDown -->
      </class> <!-- testCases.TC001_ProductSearch -->
    </test> <!-- Test -->
  </suite> <!-- Master Suite -->
</testng-results>
